[sunny-cricket-prediction.netlify.app/index.html]
[backblue.gif]
[fade.gif]
[index.html]
[cdn.jsdelivr.net/npm/tailwindcss@2.2.19/dist/tailwind.min.css]
[cdnjs.cloudflare.com/ajax/libs/font-awesome/5.15.3/css/all.min.css]
[connect.facebook.net/en_US/fbevents.js]
[sunny-cricket-prediction.netlify.app/banner.jpg]
[sunny-cricket-prediction.netlify.app/index.html]
[cdn.jsdelivr.net/npm/tailwindcss@2.2.19/dist/tailwind.min.css]
[cdnjs.cloudflare.com/ajax/libs/font-awesome/5.15.3/css/all.min.css]
[sunny-cricket-prediction.netlify.app/a.4.delayed]
[sunny-cricket-prediction.netlify.app/POST.5.delayed]
[sunny-cricket-prediction.netlify.app/schema.org/index.html]
[sunny-cricket-prediction.netlify.app/b.6.delayed]
[sunny-cricket-prediction.netlify.app/signals/iwl.7.delayed]
[connect.facebook.net/en_US/fbevents.js]
[sunny-cricket-prediction.netlify.app/a.html]
[sunny-cricket-prediction.netlify.app/POST.html]
[sunny-cricket-prediction.netlify.app/schema.org/index.html]
[sunny-cricket-prediction.netlify.app/b.html]
[sunny-cricket-prediction.netlify.app/signals/iwl.html]
